[35m[Appium][39m Welcome to Appium v1.22.3
[35m[Appium][39m Non-default server args:
[35m[Appium][39m   port: 53899
[35m[Appium][39m   loglevel: info
[35m[Appium][39m   tmpDir: C:\Users\User\AppData\Local\Temp\\Katalon\Appium\Temp1687829947816
[35m[Appium][39m   chromedriverPort: 53900
[35m[Appium][39m Deprecated server args:
[35m[Appium][39m   [31m--chromedriver-port[39m => --default-capabilities
[35m[Appium][39m Default capabilities, which will be added to each request unless overridden by desired capabilities:
[35m[Appium][39m   chromedriverPort: 53900
[35m[Appium][39m Appium REST http interface listener started on 0.0.0.0:53899
[35m[HTTP][39m [37m-->[39m [37mGET[39m [37m/wd/hub/status[39m
[35m[HTTP][39m [90m{}[39m
[35m[HTTP][39m [37m<-- GET /wd/hub/status [39m[32m200[39m [90m11 ms - 68[39m
[35m[HTTP][39m [90m[39m
[35m[HTTP][39m [37m-->[39m [37mGET[39m [37m/wd/hub/status[39m
[35m[HTTP][39m [90m{}[39m
[35m[HTTP][39m [37m<-- GET /wd/hub/status [39m[32m200[39m [90m2 ms - 68[39m
[35m[HTTP][39m [90m[39m
[35m[HTTP][39m [37m-->[39m [37mPOST[39m [37m/wd/hub/session[39m
[35m[HTTP][39m [90m{"desiredCapabilities":{"app":"D:\\2. Eduporto\\Automate\\CalculatorApp\\MobileApp\\Calculator_v8.1.apk","noReset":true,"deviceName":"Xiaomi M2101K6G (Android 11)","fullReset":false,"platform":"ANDROID","newCommandTimeout":1800,"platformVersion":"11","automationName":"uiautomator2","autoGrantPermissions":true,"platformName":"Android","udid":"ea94d14d","systemPort":53910},"capabilities":{"firstMatch":[{"appium:app":"D:\\2. Eduporto\\Automate\\CalculatorApp\\MobileApp\\Calculator_v8.1.apk","appium:autoGrantPermissions":true,"appium:automationName":"uiautomator2","appium:deviceName":"Xiaomi M2101K6G (Android 11)","appium:fullReset":false,"appium:newCommandTimeout":1800,"appium:noReset":true,"platform":"ANDROID","platformName":"android","appium:platformVersion":"11","appium:systemPort":53910,"appium:udid":"ea94d14d"}]}}[39m
[35m[BaseDriver][39m The following capabilities are not standard capabilities and should have an extension prefix:
[35m[BaseDriver][39m   platform
[35m[BaseDriver][39m   chromedriverPort
[35m[Appium][39m Appium v1.22.3 creating new AndroidUiautomator2Driver (v1.70.1) session
[35m[BaseDriver][39m The following capabilities were provided, but are not recognized by Appium:
[35m[BaseDriver][39m   platform
[35m[BaseDriver][39m Session created with session id: 2a4fd381-b474-490e-8aa3-1cb0778694df
[35m[BaseDriver][39m Using local app 'D:\2. Eduporto\Automate\CalculatorApp\MobileApp\Calculator_v8.1.apk'
[35m[ADB][39m Found 1 'build-tools' folders under 'C:\Users\User\.katalon\tools\android_sdk' (newest first):
[35m[ADB][39m     C:/Users/User/.katalon/tools/android_sdk/build-tools/29.0.3
[35m[ADB][39m Using 'adb.exe' from 'C:\Users\User\.katalon\tools\android_sdk\platform-tools\adb.exe'
[35m[AndroidDriver][39m Retrieving device list
[35m[AndroidDriver][39m Using device: ea94d14d
[35m[ADB][39m Using 'adb.exe' from 'C:\Users\User\.katalon\tools\android_sdk\platform-tools\adb.exe'
[35m[ADB][39m Getting device platform version
[35m[UiAutomator2][39m Relaxing hidden api policy
[35m[ADB][39m Package name: 'com.google.android.calculator'
[35m[ADB][39m Main activity name: 'com.android.calculator2.Calculator'
[35m[ADB][39m Using 'apksigner.jar' from 'C:\Users\User\.katalon\tools\android_sdk\build-tools\29.0.3\lib\apksigner.jar'
[35m[ADB][39m 'C:\Users\User\AppData\Roaming\npm\node_modules\appium\node_modules\appium-uiautomator2-server\apks\appium-uiautomator2-server-v4.27.0.apk' is signed with the default certificate
[35m[ADB][39m 'C:\Users\User\AppData\Roaming\npm\node_modules\appium\node_modules\appium-uiautomator2-server\apks\appium-uiautomator2-server-debug-androidTest.apk' is signed with the default certificate
[35m[UiAutomator2][39m Server packages are not going to be (re)installed
[35m[ADB][39m Adding packages ["io.appium.settings","io.appium.uiautomator2.server","io.appium.uiautomator2.server.test"] to Doze whitelist
[35m[ADB][39m 'D:\2. Eduporto\Automate\CalculatorApp\MobileApp\Calculator_v8.1.apk' is signed with a non-default certificate
[35m[ADB][39m The application at 'D:\2. Eduporto\Automate\CalculatorApp\MobileApp\Calculator_v8.1.apk' will not be cached, because the device under test has confirmed the support of streamed installs
[35m[ADB][39m The installation of 'Calculator_v8.1.apk' took 6397ms
[35m[UiAutomator2][39m Starting UIAutomator2 server 4.27.0
[35m[UiAutomator2][39m Using UIAutomator2 server from 'C:\Users\User\AppData\Roaming\npm\node_modules\appium\node_modules\appium-uiautomator2-server\apks\appium-uiautomator2-server-v4.27.0.apk' and test from 'C:\Users\User\AppData\Roaming\npm\node_modules\appium\node_modules\appium-uiautomator2-server\apks\appium-uiautomator2-server-debug-androidTest.apk'
[35m[UiAutomator2][39m Waiting up to 30000ms for UiAutomator2 to be online...
[35m[WD Proxy][39m socket hang up
[35m[WD Proxy][39m socket hang up
[35m[WD Proxy][39m socket hang up
[35m[WD Proxy][39m Determined the downstream protocol as 'W3C'
[35m[AndroidDriver][39m Screen already unlocked, doing nothing
[35m[UiAutomator2][39m Starting 'com.google.android.calculator/com.android.calculator2.Calculator and waiting for 'com.google.android.calculator/com.android.calculator2.Calculator'
[35m[Appium][39m New AndroidUiautomator2Driver session created successfully, session 2a4fd381-b474-490e-8aa3-1cb0778694df added to master session list
[35m[HTTP][39m [37m<-- POST /wd/hub/session [39m[32m200[39m [90m21029 ms - 1294[39m
[35m[HTTP][39m [90m[39m
[35m[HTTP][39m [37m-->[39m [37mGET[39m [37m/wd/hub/session/2a4fd381-b474-490e-8aa3-1cb0778694df[39m
[35m[HTTP][39m [90m{}[39m
[35m[HTTP][39m [37m<-- GET /wd/hub/session/2a4fd381-b474-490e-8aa3-1cb0778694df [39m[32m200[39m [90m13 ms - 1248[39m
[35m[HTTP][39m [90m[39m
[35m[HTTP][39m [37m-->[39m [37mGET[39m [37m/wd/hub/session/2a4fd381-b474-490e-8aa3-1cb0778694df[39m
[35m[HTTP][39m [90m{}[39m
[35m[HTTP][39m [37m<-- GET /wd/hub/session/2a4fd381-b474-490e-8aa3-1cb0778694df [39m[32m200[39m [90m19 ms - 1248[39m
[35m[HTTP][39m [90m[39m
[35m[HTTP][39m [37m-->[39m [37mGET[39m [37m/wd/hub/status[39m
[35m[HTTP][39m [90m{}[39m
[35m[HTTP][39m [37m<-- GET /wd/hub/status [39m[32m200[39m [90m1 ms - 68[39m
[35m[HTTP][39m [90m[39m
[35m[HTTP][39m [37m-->[39m [37mPOST[39m [37m/wd/hub/session/2a4fd381-b474-490e-8aa3-1cb0778694df/timeouts[39m
[35m[HTTP][39m [90m{"implicit":60000}[39m
[35m[HTTP][39m [37m<-- POST /wd/hub/session/2a4fd381-b474-490e-8aa3-1cb0778694df/timeouts [39m[32m200[39m [90m5 ms - 14[39m
[35m[HTTP][39m [90m[39m
[35m[HTTP][39m [37m-->[39m [37mGET[39m [37m/wd/hub/session/2a4fd381-b474-490e-8aa3-1cb0778694df/source[39m
[35m[HTTP][39m [90m{}[39m
[35m[W3C (2a4fd381)][39m Driver proxy active, passing request on via HTTP proxy
[35m[WD Proxy][39m Replacing sessionId fcebd889-60cc-487d-9d4e-7a148e8ad3c7 with 2a4fd381-b474-490e-8aa3-1cb0778694df
[35m[HTTP][39m [37m<-- GET /wd/hub/session/2a4fd381-b474-490e-8aa3-1cb0778694df/source [39m[32m200[39m [90m372 ms - 19693[39m
[35m[HTTP][39m [90m[39m
[35m[HTTP][39m [37m-->[39m [37mGET[39m [37m/wd/hub/session/2a4fd381-b474-490e-8aa3-1cb0778694df/screenshot[39m
[35m[HTTP][39m [90m{}[39m
[35m[HTTP][39m [37m<-- GET /wd/hub/session/2a4fd381-b474-490e-8aa3-1cb0778694df/screenshot [39m[32m200[39m [90m386 ms - 164592[39m
[35m[HTTP][39m [90m[39m
[35m[HTTP][39m [37m-->[39m [37mPOST[39m [37m/wd/hub/session/2a4fd381-b474-490e-8aa3-1cb0778694df/elements[39m
[35m[HTTP][39m [90m{"using":"xpath","value":"//*[@class = 'android.widget.ImageView' and (@text = '' or . = '')]"}[39m
[35m[HTTP][39m [37m<-- POST /wd/hub/session/2a4fd381-b474-490e-8aa3-1cb0778694df/elements [39m[32m200[39m [90m468 ms - 267[39m
[35m[HTTP][39m [90m[39m
[35m[HTTP][39m [37m-->[39m [37mPOST[39m [37m/wd/hub/session/2a4fd381-b474-490e-8aa3-1cb0778694df/elements[39m
[35m[HTTP][39m [90m{"using":"accessibility id","value":"More options"}[39m
[35m[HTTP][39m [37m<-- POST /wd/hub/session/2a4fd381-b474-490e-8aa3-1cb0778694df/elements [39m[32m200[39m [90m75 ms - 139[39m
[35m[HTTP][39m [90m[39m
[35m[HTTP][39m [37m-->[39m [37mGET[39m [37m/wd/hub/session/2a4fd381-b474-490e-8aa3-1cb0778694df/window/rect[39m
[35m[HTTP][39m [90m{}[39m
[35m[HTTP][39m [37m<-- GET /wd/hub/session/2a4fd381-b474-490e-8aa3-1cb0778694df/window/rect [39m[32m200[39m [90m55 ms - 50[39m
[35m[HTTP][39m [90m[39m
[35m[HTTP][39m [37m-->[39m [37mPOST[39m [37m/wd/hub/session/2a4fd381-b474-490e-8aa3-1cb0778694df/elements[39m
[35m[HTTP][39m [90m{"using":"accessibility id","value":"More options"}[39m
[35m[HTTP][39m [37m<-- POST /wd/hub/session/2a4fd381-b474-490e-8aa3-1cb0778694df/elements [39m[32m200[39m [90m74 ms - 139[39m
[35m[HTTP][39m [90m[39m
[35m[HTTP][39m [37m-->[39m [37mGET[39m [37m/wd/hub/session/2a4fd381-b474-490e-8aa3-1cb0778694df/element/00000000-0000-07ab-ffff-ffff0000006e/location[39m
[35m[HTTP][39m [90m{}[39m
[35m[W3C (2a4fd381)][39m Driver proxy active, passing request on via HTTP proxy
[35m[WD Proxy][39m Replacing sessionId fcebd889-60cc-487d-9d4e-7a148e8ad3c7 with 2a4fd381-b474-490e-8aa3-1cb0778694df
[35m[HTTP][39m [37m<-- GET /wd/hub/session/2a4fd381-b474-490e-8aa3-1cb0778694df/element/00000000-0000-07ab-ffff-ffff0000006e/location [39m[32m200[39m [90m35 ms - 78[39m
[35m[HTTP][39m [90m[39m
[35m[HTTP][39m [37m-->[39m [37mPOST[39m [37m/wd/hub/session/2a4fd381-b474-490e-8aa3-1cb0778694df/element/00000000-0000-07ab-ffff-ffff0000006e/click[39m
[35m[HTTP][39m [90m{"id":"00000000-0000-07ab-ffff-ffff0000006e"}[39m
[35m[HTTP][39m [37m<-- POST /wd/hub/session/2a4fd381-b474-490e-8aa3-1cb0778694df/element/00000000-0000-07ab-ffff-ffff0000006e/click [39m[32m200[39m [90m1014 ms - 14[39m
[35m[HTTP][39m [90m[39m
[35m[HTTP][39m [37m-->[39m [37mGET[39m [37m/wd/hub/session/2a4fd381-b474-490e-8aa3-1cb0778694df/source[39m
[35m[HTTP][39m [90m{}[39m
[35m[W3C (2a4fd381)][39m Driver proxy active, passing request on via HTTP proxy
[35m[WD Proxy][39m Replacing sessionId fcebd889-60cc-487d-9d4e-7a148e8ad3c7 with 2a4fd381-b474-490e-8aa3-1cb0778694df
[35m[HTTP][39m [37m<-- GET /wd/hub/session/2a4fd381-b474-490e-8aa3-1cb0778694df/source [39m[32m200[39m [90m117 ms - 8777[39m
[35m[HTTP][39m [90m[39m
[35m[HTTP][39m [37m-->[39m [37mGET[39m [37m/wd/hub/session/2a4fd381-b474-490e-8aa3-1cb0778694df/screenshot[39m
[35m[HTTP][39m [90m{}[39m
[35m[HTTP][39m [37m<-- GET /wd/hub/session/2a4fd381-b474-490e-8aa3-1cb0778694df/screenshot [39m[32m200[39m [90m572 ms - 192110[39m
[35m[HTTP][39m [90m[39m
[35m[HTTP][39m [37m-->[39m [37mPOST[39m [37m/wd/hub/session/2a4fd381-b474-490e-8aa3-1cb0778694df/elements[39m
[35m[HTTP][39m [90m{"using":"xpath","value":"//*[@class = 'android.widget.TextView' and (@text = 'Help' or . = 'Help') and @resource-id = 'com.google.android.calculator:id/title']"}[39m
[35m[HTTP][39m [37m<-- POST /wd/hub/session/2a4fd381-b474-490e-8aa3-1cb0778694df/elements [39m[32m200[39m [90m195 ms - 139[39m
[35m[HTTP][39m [90m[39m
[35m[HTTP][39m [37m-->[39m [37mGET[39m [37m/wd/hub/session/2a4fd381-b474-490e-8aa3-1cb0778694df/window/rect[39m
[35m[HTTP][39m [90m{}[39m
[35m[HTTP][39m [37m<-- GET /wd/hub/session/2a4fd381-b474-490e-8aa3-1cb0778694df/window/rect [39m[32m200[39m [90m38 ms - 50[39m
[35m[HTTP][39m [90m[39m
[35m[HTTP][39m [37m-->[39m [37mPOST[39m [37m/wd/hub/session/2a4fd381-b474-490e-8aa3-1cb0778694df/elements[39m
[35m[HTTP][39m [90m{"using":"xpath","value":"//*[@class = 'android.widget.TextView' and (@text = 'Help' or . = 'Help') and @resource-id = 'com.google.android.calculator:id/title']"}[39m
[35m[HTTP][39m [37m<-- POST /wd/hub/session/2a4fd381-b474-490e-8aa3-1cb0778694df/elements [39m[32m200[39m [90m101 ms - 139[39m
[35m[HTTP][39m [90m[39m
[35m[HTTP][39m [37m-->[39m [37mGET[39m [37m/wd/hub/session/2a4fd381-b474-490e-8aa3-1cb0778694df/element/00000000-0000-07ad-ffff-ffff00000090/location[39m
[35m[HTTP][39m [90m{}[39m
[35m[W3C (2a4fd381)][39m Driver proxy active, passing request on via HTTP proxy
[35m[WD Proxy][39m Replacing sessionId fcebd889-60cc-487d-9d4e-7a148e8ad3c7 with 2a4fd381-b474-490e-8aa3-1cb0778694df
[35m[HTTP][39m [37m<-- GET /wd/hub/session/2a4fd381-b474-490e-8aa3-1cb0778694df/element/00000000-0000-07ad-ffff-ffff00000090/location [39m[32m200[39m [90m22 ms - 78[39m
[35m[HTTP][39m [90m[39m
[35m[HTTP][39m [37m-->[39m [37mPOST[39m [37m/wd/hub/session/2a4fd381-b474-490e-8aa3-1cb0778694df/element/00000000-0000-07ad-ffff-ffff00000090/click[39m
[35m[HTTP][39m [90m{"id":"00000000-0000-07ad-ffff-ffff00000090"}[39m
[35m[HTTP][39m [37m<-- POST /wd/hub/session/2a4fd381-b474-490e-8aa3-1cb0778694df/element/00000000-0000-07ad-ffff-ffff00000090/click [39m[32m200[39m [90m1960 ms - 14[39m
[35m[HTTP][39m [90m[39m
[35m[HTTP][39m [37m-->[39m [37mGET[39m [37m/wd/hub/session/2a4fd381-b474-490e-8aa3-1cb0778694df/source[39m
[35m[HTTP][39m [90m{}[39m
[35m[W3C (2a4fd381)][39m Driver proxy active, passing request on via HTTP proxy
[35m[WD Proxy][39m Replacing sessionId fcebd889-60cc-487d-9d4e-7a148e8ad3c7 with 2a4fd381-b474-490e-8aa3-1cb0778694df
[35m[HTTP][39m [37m<-- GET /wd/hub/session/2a4fd381-b474-490e-8aa3-1cb0778694df/source [39m[32m200[39m [90m211 ms - 28341[39m
[35m[HTTP][39m [90m[39m
[35m[HTTP][39m [37m-->[39m [37mGET[39m [37m/wd/hub/session/2a4fd381-b474-490e-8aa3-1cb0778694df/screenshot[39m
[35m[HTTP][39m [90m{}[39m
[35m[HTTP][39m [37m<-- GET /wd/hub/session/2a4fd381-b474-490e-8aa3-1cb0778694df/screenshot [39m[32m200[39m [90m606 ms - 151242[39m
[35m[HTTP][39m [90m[39m
[35m[HTTP][39m [37m-->[39m [37mPOST[39m [37m/wd/hub/session/2a4fd381-b474-490e-8aa3-1cb0778694df/elements[39m
[35m[HTTP][39m [90m{"using":"xpath","value":"//*[@class = 'android.widget.LinearLayout' and @resource-id = 'com.google.android.gms:id/gh_help_content_line_item' and (@text = '' or . = '')]"}[39m
[35m[HTTP][39m [37m<-- POST /wd/hub/session/2a4fd381-b474-490e-8aa3-1cb0778694df/elements [39m[32m200[39m [90m221 ms - 651[39m
[35m[HTTP][39m [90m[39m
[35m[HTTP][39m [37m-->[39m [37mPOST[39m [37m/wd/hub/session/2a4fd381-b474-490e-8aa3-1cb0778694df/elements[39m
[35m[HTTP][39m [90m{"using":"id","value":"com.google.android.gms:id/gh_help_content_line_item"}[39m
[35m[HTTP][39m [37m<-- POST /wd/hub/session/2a4fd381-b474-490e-8aa3-1cb0778694df/elements [39m[32m200[39m [90m112 ms - 651[39m
[35m[HTTP][39m [90m[39m
[35m[HTTP][39m [37m-->[39m [37mPOST[39m [37m/wd/hub/session/2a4fd381-b474-490e-8aa3-1cb0778694df/elements[39m
[35m[HTTP][39m [90m{"using":"-android uiautomator","value":"new UiSelector().className(\"android.widget.LinearLayout\").resourceId(\"com.google.android.gms:id/gh_help_content_line_item\")"}[39m
[35m[HTTP][39m [37m<-- POST /wd/hub/session/2a4fd381-b474-490e-8aa3-1cb0778694df/elements [39m[32m200[39m [90m204 ms - 651[39m
[35m[HTTP][39m [90m[39m
[35m[HTTP][39m [37m-->[39m [37mGET[39m [37m/wd/hub/session/2a4fd381-b474-490e-8aa3-1cb0778694df/window/rect[39m
[35m[HTTP][39m [90m{}[39m
[35m[HTTP][39m [37m<-- GET /wd/hub/session/2a4fd381-b474-490e-8aa3-1cb0778694df/window/rect [39m[32m200[39m [90m50 ms - 50[39m
[35m[HTTP][39m [90m[39m
[35m[HTTP][39m [37m-->[39m [37mPOST[39m [37m/wd/hub/session/2a4fd381-b474-490e-8aa3-1cb0778694df/elements[39m
[35m[HTTP][39m [90m{"using":"xpath","value":"//hierarchy/android.widget.FrameLayout[1]/android.widget.LinearLayout[1]/android.widget.FrameLayout[1]/android.widget.LinearLayout[1]/android.widget.FrameLayout[1]/android.widget.FrameLayout[1]/android.view.ViewGroup[1]/android.widget.FrameLayout[1]/android.widget.ScrollView[1]/android.widget.LinearLayout[1]/android.widget.LinearLayout[1]/android.widget.LinearLayout[1]/android.widget.LinearLayout[1]"}[39m
[35m[HTTP][39m [37m<-- POST /wd/hub/session/2a4fd381-b474-490e-8aa3-1cb0778694df/elements [39m[32m200[39m [90m185 ms - 139[39m
[35m[HTTP][39m [90m[39m
[35m[HTTP][39m [37m-->[39m [37mGET[39m [37m/wd/hub/session/2a4fd381-b474-490e-8aa3-1cb0778694df/element/00000000-0000-07ae-ffff-ffff00000113/location[39m
[35m[HTTP][39m [90m{}[39m
[35m[W3C (2a4fd381)][39m Driver proxy active, passing request on via HTTP proxy
[35m[WD Proxy][39m Replacing sessionId fcebd889-60cc-487d-9d4e-7a148e8ad3c7 with 2a4fd381-b474-490e-8aa3-1cb0778694df
[35m[HTTP][39m [37m<-- GET /wd/hub/session/2a4fd381-b474-490e-8aa3-1cb0778694df/element/00000000-0000-07ae-ffff-ffff00000113/location [39m[32m200[39m [90m34 ms - 76[39m
[35m[HTTP][39m [90m[39m
[35m[HTTP][39m [37m-->[39m [37mPOST[39m [37m/wd/hub/session/2a4fd381-b474-490e-8aa3-1cb0778694df/element/00000000-0000-07ae-ffff-ffff00000113/click[39m
[35m[HTTP][39m [90m{"id":"00000000-0000-07ae-ffff-ffff00000113"}[39m
[35m[HTTP][39m [37m<-- POST /wd/hub/session/2a4fd381-b474-490e-8aa3-1cb0778694df/element/00000000-0000-07ae-ffff-ffff00000113/click [39m[32m200[39m [90m111 ms - 14[39m
[35m[HTTP][39m [90m[39m
[35m[HTTP][39m [37m-->[39m [37mGET[39m [37m/wd/hub/session/2a4fd381-b474-490e-8aa3-1cb0778694df/source[39m
[35m[HTTP][39m [90m{}[39m
[35m[W3C (2a4fd381)][39m Driver proxy active, passing request on via HTTP proxy
[35m[WD Proxy][39m Replacing sessionId fcebd889-60cc-487d-9d4e-7a148e8ad3c7 with 2a4fd381-b474-490e-8aa3-1cb0778694df
[35m[HTTP][39m [37m<-- GET /wd/hub/session/2a4fd381-b474-490e-8aa3-1cb0778694df/source [39m[32m200[39m [90m210 ms - 8964[39m
[35m[HTTP][39m [90m[39m
[35m[HTTP][39m [37m-->[39m [37mGET[39m [37m/wd/hub/session/2a4fd381-b474-490e-8aa3-1cb0778694df/screenshot[39m
[35m[HTTP][39m [90m{}[39m
[35m[HTTP][39m [37m<-- GET /wd/hub/session/2a4fd381-b474-490e-8aa3-1cb0778694df/screenshot [39m[32m200[39m [90m693 ms - 500712[39m
[35m[HTTP][39m [90m[39m
[35m[HTTP][39m [37m-->[39m [37mGET[39m [37m/wd/hub/session/2a4fd381-b474-490e-8aa3-1cb0778694df/context[39m
[35m[HTTP][39m [90m{}[39m
[35m[HTTP][39m [37m<-- GET /wd/hub/session/2a4fd381-b474-490e-8aa3-1cb0778694df/context [39m[32m200[39m [90m2 ms - 22[39m
[35m[HTTP][39m [90m[39m
[35m[HTTP][39m [37m-->[39m [37mGET[39m [37m/wd/hub/session/2a4fd381-b474-490e-8aa3-1cb0778694df/contexts[39m
[35m[HTTP][39m [90m{}[39m
[35m[HTTP][39m [37m<-- GET /wd/hub/session/2a4fd381-b474-490e-8aa3-1cb0778694df/contexts [39m[32m200[39m [90m146 ms - 24[39m
[35m[HTTP][39m [90m[39m
[35m[HTTP][39m [37m-->[39m [37mPOST[39m [37m/wd/hub/session/2a4fd381-b474-490e-8aa3-1cb0778694df/context[39m
[35m[HTTP][39m [90m{"name":"NATIVE_APP"}[39m
[35m[HTTP][39m [37m<-- POST /wd/hub/session/2a4fd381-b474-490e-8aa3-1cb0778694df/context [39m[32m200[39m [90m3 ms - 14[39m
[35m[HTTP][39m [90m[39m
[35m[HTTP][39m [37m-->[39m [37mPOST[39m [37m/wd/hub/session/2a4fd381-b474-490e-8aa3-1cb0778694df/element[39m
[35m[HTTP][39m [90m{"using":"-android uiautomator","value":"new UiScrollable(new UiSelector().scrollable(true).instance(0)).scrollIntoView(new UiSelector().textContains(\"If your result is a long number\"))"}[39m
[35m[HTTP][39m [37m<-- POST /wd/hub/session/2a4fd381-b474-490e-8aa3-1cb0778694df/element [39m[32m200[39m [90m290 ms - 137[39m
[35m[HTTP][39m [90m[39m
[35m[HTTP][39m [37m-->[39m [37mPOST[39m [37m/wd/hub/session/2a4fd381-b474-490e-8aa3-1cb0778694df/context[39m
[35m[HTTP][39m [90m{"name":"NATIVE_APP"}[39m
[35m[HTTP][39m [37m<-- POST /wd/hub/session/2a4fd381-b474-490e-8aa3-1cb0778694df/context [39m[32m200[39m [90m2 ms - 14[39m
[35m[HTTP][39m [90m[39m
[35m[HTTP][39m [37m-->[39m [37mGET[39m [37m/wd/hub/session/2a4fd381-b474-490e-8aa3-1cb0778694df/source[39m
[35m[HTTP][39m [90m{}[39m
[35m[W3C (2a4fd381)][39m Driver proxy active, passing request on via HTTP proxy
[35m[WD Proxy][39m Replacing sessionId fcebd889-60cc-487d-9d4e-7a148e8ad3c7 with 2a4fd381-b474-490e-8aa3-1cb0778694df
[35m[HTTP][39m [37m<-- GET /wd/hub/session/2a4fd381-b474-490e-8aa3-1cb0778694df/source [39m[32m200[39m [90m996 ms - 36120[39m
[35m[HTTP][39m [90m[39m
[35m[HTTP][39m [37m-->[39m [37mGET[39m [37m/wd/hub/session/2a4fd381-b474-490e-8aa3-1cb0778694df/screenshot[39m
[35m[HTTP][39m [90m{}[39m
[35m[HTTP][39m [37m<-- GET /wd/hub/session/2a4fd381-b474-490e-8aa3-1cb0778694df/screenshot [39m[32m200[39m [90m647 ms - 499906[39m
[35m[HTTP][39m [90m[39m
[35m[HTTP][39m [37m-->[39m [37mGET[39m [37m/wd/hub/session/2a4fd381-b474-490e-8aa3-1cb0778694df/source[39m
[35m[HTTP][39m [90m{}[39m
[35m[W3C (2a4fd381)][39m Driver proxy active, passing request on via HTTP proxy
[35m[WD Proxy][39m Replacing sessionId fcebd889-60cc-487d-9d4e-7a148e8ad3c7 with 2a4fd381-b474-490e-8aa3-1cb0778694df
[35m[HTTP][39m [37m<-- GET /wd/hub/session/2a4fd381-b474-490e-8aa3-1cb0778694df/source [39m[32m200[39m [90m198 ms - 36120[39m
[35m[HTTP][39m [90m[39m
[35m[HTTP][39m [37m-->[39m [37mGET[39m [37m/wd/hub/session/2a4fd381-b474-490e-8aa3-1cb0778694df/screenshot[39m
[35m[HTTP][39m [90m{}[39m
[35m[HTTP][39m [37m<-- GET /wd/hub/session/2a4fd381-b474-490e-8aa3-1cb0778694df/screenshot [39m[32m200[39m [90m680 ms - 499906[39m
[35m[HTTP][39m [90m[39m
[35m[HTTP][39m [37m-->[39m [37mGET[39m [37m/wd/hub/session/2a4fd381-b474-490e-8aa3-1cb0778694df/context[39m
[35m[HTTP][39m [90m{}[39m
[35m[HTTP][39m [37m<-- GET /wd/hub/session/2a4fd381-b474-490e-8aa3-1cb0778694df/context [39m[32m200[39m [90m2 ms - 22[39m
[35m[HTTP][39m [90m[39m
[35m[HTTP][39m [37m-->[39m [37mGET[39m [37m/wd/hub/session/2a4fd381-b474-490e-8aa3-1cb0778694df/contexts[39m
[35m[HTTP][39m [90m{}[39m
[35m[HTTP][39m [37m<-- GET /wd/hub/session/2a4fd381-b474-490e-8aa3-1cb0778694df/contexts [39m[32m200[39m [90m135 ms - 24[39m
[35m[HTTP][39m [90m[39m
[35m[HTTP][39m [37m-->[39m [37mPOST[39m [37m/wd/hub/session/2a4fd381-b474-490e-8aa3-1cb0778694df/context[39m
[35m[HTTP][39m [90m{"name":"NATIVE_APP"}[39m
[35m[HTTP][39m [37m<-- POST /wd/hub/session/2a4fd381-b474-490e-8aa3-1cb0778694df/context [39m[32m200[39m [90m2 ms - 14[39m
[35m[HTTP][39m [90m[39m
[35m[HTTP][39m [37m-->[39m [37mPOST[39m [37m/wd/hub/session/2a4fd381-b474-490e-8aa3-1cb0778694df/element[39m
[35m[HTTP][39m [90m{"using":"-android uiautomator","value":"new UiScrollable(new UiSelector().scrollable(true).instance(0)).scrollIntoView(new UiSelector().textContains(\"If your result is a long number\"))"}[39m
[35m[HTTP][39m [37m<-- POST /wd/hub/session/2a4fd381-b474-490e-8aa3-1cb0778694df/element [39m[32m200[39m [90m4028 ms - 137[39m
[35m[HTTP][39m [90m[39m
[35m[HTTP][39m [37m-->[39m [37mPOST[39m [37m/wd/hub/session/2a4fd381-b474-490e-8aa3-1cb0778694df/context[39m
[35m[HTTP][39m [90m{"name":"NATIVE_APP"}[39m
[35m[HTTP][39m [37m<-- POST /wd/hub/session/2a4fd381-b474-490e-8aa3-1cb0778694df/context [39m[32m200[39m [90m2 ms - 14[39m
[35m[HTTP][39m [90m[39m
[35m[HTTP][39m [37m-->[39m [37mGET[39m [37m/wd/hub/session/2a4fd381-b474-490e-8aa3-1cb0778694df/source[39m
[35m[HTTP][39m [90m{}[39m
[35m[W3C (2a4fd381)][39m Driver proxy active, passing request on via HTTP proxy
[35m[WD Proxy][39m Replacing sessionId fcebd889-60cc-487d-9d4e-7a148e8ad3c7 with 2a4fd381-b474-490e-8aa3-1cb0778694df
[35m[HTTP][39m [37m<-- GET /wd/hub/session/2a4fd381-b474-490e-8aa3-1cb0778694df/source [39m[32m200[39m [90m488 ms - 36123[39m
[35m[HTTP][39m [90m[39m
[35m[HTTP][39m [37m-->[39m [37mGET[39m [37m/wd/hub/session/2a4fd381-b474-490e-8aa3-1cb0778694df/screenshot[39m
[35m[HTTP][39m [90m{}[39m
[35m[HTTP][39m [37m<-- GET /wd/hub/session/2a4fd381-b474-490e-8aa3-1cb0778694df/screenshot [39m[32m200[39m [90m675 ms - 516788[39m
[35m[HTTP][39m [90m[39m
[35m[HTTP][39m [37m-->[39m [37mGET[39m [37m/wd/hub/session/2a4fd381-b474-490e-8aa3-1cb0778694df/context[39m
[35m[HTTP][39m [90m{}[39m
[35m[HTTP][39m [37m<-- GET /wd/hub/session/2a4fd381-b474-490e-8aa3-1cb0778694df/context [39m[32m200[39m [90m4 ms - 22[39m
[35m[HTTP][39m [90m[39m
[35m[HTTP][39m [37m-->[39m [37mGET[39m [37m/wd/hub/session/2a4fd381-b474-490e-8aa3-1cb0778694df/contexts[39m
[35m[HTTP][39m [90m{}[39m
[35m[HTTP][39m [37m<-- GET /wd/hub/session/2a4fd381-b474-490e-8aa3-1cb0778694df/contexts [39m[32m200[39m [90m135 ms - 24[39m
[35m[HTTP][39m [90m[39m
[35m[HTTP][39m [37m-->[39m [37mPOST[39m [37m/wd/hub/session/2a4fd381-b474-490e-8aa3-1cb0778694df/context[39m
[35m[HTTP][39m [90m{"name":"NATIVE_APP"}[39m
[35m[HTTP][39m [37m<-- POST /wd/hub/session/2a4fd381-b474-490e-8aa3-1cb0778694df/context [39m[32m200[39m [90m2 ms - 14[39m
[35m[HTTP][39m [90m[39m
[35m[HTTP][39m [37m-->[39m [37mPOST[39m [37m/wd/hub/session/2a4fd381-b474-490e-8aa3-1cb0778694df/appium/device/press_keycode[39m
[35m[HTTP][39m [90m{"keycode":4}[39m
[35m[HTTP][39m [37m<-- POST /wd/hub/session/2a4fd381-b474-490e-8aa3-1cb0778694df/appium/device/press_keycode [39m[32m200[39m [90m101 ms - 14[39m
[35m[HTTP][39m [90m[39m
[35m[HTTP][39m [37m-->[39m [37mPOST[39m [37m/wd/hub/session/2a4fd381-b474-490e-8aa3-1cb0778694df/context[39m
[35m[HTTP][39m [90m{"name":"NATIVE_APP"}[39m
[35m[HTTP][39m [37m<-- POST /wd/hub/session/2a4fd381-b474-490e-8aa3-1cb0778694df/context [39m[32m200[39m [90m3 ms - 14[39m
[35m[HTTP][39m [90m[39m
[35m[HTTP][39m [37m-->[39m [37mGET[39m [37m/wd/hub/session/2a4fd381-b474-490e-8aa3-1cb0778694df/source[39m
[35m[HTTP][39m [90m{}[39m
[35m[W3C (2a4fd381)][39m Driver proxy active, passing request on via HTTP proxy
[35m[WD Proxy][39m Replacing sessionId fcebd889-60cc-487d-9d4e-7a148e8ad3c7 with 2a4fd381-b474-490e-8aa3-1cb0778694df
[35m[HTTP][39m [37m<-- GET /wd/hub/session/2a4fd381-b474-490e-8aa3-1cb0778694df/source [39m[32m200[39m [90m187 ms - 28341[39m
[35m[HTTP][39m [90m[39m
[35m[HTTP][39m [37m-->[39m [37mGET[39m [37m/wd/hub/session/2a4fd381-b474-490e-8aa3-1cb0778694df/screenshot[39m
[35m[HTTP][39m [90m{}[39m
[35m[HTTP][39m [37m<-- GET /wd/hub/session/2a4fd381-b474-490e-8aa3-1cb0778694df/screenshot [39m[32m200[39m [90m529 ms - 150232[39m
[35m[HTTP][39m [90m[39m
[35m[HTTP][39m [37m-->[39m [37mPOST[39m [37m/wd/hub/session/2a4fd381-b474-490e-8aa3-1cb0778694df/elements[39m
[35m[HTTP][39m [90m{"using":"xpath","value":"//*[@class = 'android.widget.TextView' and (@text = 'Change text & display settings' or . = 'Change text & display settings') and @resource-id = 'com.google.android.gms:id/gh_help_content_line_item_title']"}[39m
[35m[HTTP][39m [37m<-- POST /wd/hub/session/2a4fd381-b474-490e-8aa3-1cb0778694df/elements [39m[32m200[39m [90m239 ms - 139[39m
[35m[HTTP][39m [90m[39m
[35m[HTTP][39m [37m-->[39m [37mGET[39m [37m/wd/hub/session/2a4fd381-b474-490e-8aa3-1cb0778694df/window/rect[39m
[35m[HTTP][39m [90m{}[39m
[35m[HTTP][39m [37m<-- GET /wd/hub/session/2a4fd381-b474-490e-8aa3-1cb0778694df/window/rect [39m[32m200[39m [90m20 ms - 50[39m
[35m[HTTP][39m [90m[39m
[35m[HTTP][39m [37m-->[39m [37mPOST[39m [37m/wd/hub/session/2a4fd381-b474-490e-8aa3-1cb0778694df/elements[39m
[35m[HTTP][39m [90m{"using":"xpath","value":"//*[@class = 'android.widget.TextView' and (@text = 'Change text & display settings' or . = 'Change text & display settings') and @resource-id = 'com.google.android.gms:id/gh_help_content_line_item_title']"}[39m
[35m[HTTP][39m [37m<-- POST /wd/hub/session/2a4fd381-b474-490e-8aa3-1cb0778694df/elements [39m[32m200[39m [90m174 ms - 139[39m
[35m[HTTP][39m [90m[39m
[35m[HTTP][39m [37m-->[39m [37mGET[39m [37m/wd/hub/session/2a4fd381-b474-490e-8aa3-1cb0778694df/element/00000000-0000-07ae-ffff-ffff00000129/location[39m
[35m[HTTP][39m [90m{}[39m
[35m[W3C (2a4fd381)][39m Driver proxy active, passing request on via HTTP proxy
[35m[WD Proxy][39m Replacing sessionId fcebd889-60cc-487d-9d4e-7a148e8ad3c7 with 2a4fd381-b474-490e-8aa3-1cb0778694df
[35m[HTTP][39m [37m<-- GET /wd/hub/session/2a4fd381-b474-490e-8aa3-1cb0778694df/element/00000000-0000-07ae-ffff-ffff00000129/location [39m[32m200[39m [90m24 ms - 78[39m
[35m[HTTP][39m [90m[39m
[35m[HTTP][39m [37m-->[39m [37mPOST[39m [37m/wd/hub/session/2a4fd381-b474-490e-8aa3-1cb0778694df/element/00000000-0000-07ae-ffff-ffff00000129/click[39m
[35m[HTTP][39m [90m{"id":"00000000-0000-07ae-ffff-ffff00000129"}[39m
[35m[HTTP][39m [37m<-- POST /wd/hub/session/2a4fd381-b474-490e-8aa3-1cb0778694df/element/00000000-0000-07ae-ffff-ffff00000129/click [39m[32m200[39m [90m96 ms - 14[39m
[35m[HTTP][39m [90m[39m
[35m[HTTP][39m [37m-->[39m [37mGET[39m [37m/wd/hub/session/2a4fd381-b474-490e-8aa3-1cb0778694df/source[39m
[35m[HTTP][39m [90m{}[39m
[35m[W3C (2a4fd381)][39m Driver proxy active, passing request on via HTTP proxy
[35m[WD Proxy][39m Replacing sessionId fcebd889-60cc-487d-9d4e-7a148e8ad3c7 with 2a4fd381-b474-490e-8aa3-1cb0778694df
[35m[HTTP][39m [37m<-- GET /wd/hub/session/2a4fd381-b474-490e-8aa3-1cb0778694df/source [39m[32m200[39m [90m874 ms - 29769[39m
[35m[HTTP][39m [90m[39m
[35m[HTTP][39m [37m-->[39m [37mGET[39m [37m/wd/hub/session/2a4fd381-b474-490e-8aa3-1cb0778694df/screenshot[39m
[35m[HTTP][39m [90m{}[39m
[35m[HTTP][39m [37m<-- GET /wd/hub/session/2a4fd381-b474-490e-8aa3-1cb0778694df/screenshot [39m[32m200[39m [90m613 ms - 499886[39m
[35m[HTTP][39m [90m[39m
[35m[HTTP][39m [37m-->[39m [37mGET[39m [37m/wd/hub/session/2a4fd381-b474-490e-8aa3-1cb0778694df/context[39m
[35m[HTTP][39m [90m{}[39m
[35m[HTTP][39m [37m<-- GET /wd/hub/session/2a4fd381-b474-490e-8aa3-1cb0778694df/context [39m[32m200[39m [90m2 ms - 22[39m
[35m[HTTP][39m [90m[39m
[35m[HTTP][39m [37m-->[39m [37mGET[39m [37m/wd/hub/session/2a4fd381-b474-490e-8aa3-1cb0778694df/contexts[39m
[35m[HTTP][39m [90m{}[39m
[35m[HTTP][39m [37m<-- GET /wd/hub/session/2a4fd381-b474-490e-8aa3-1cb0778694df/contexts [39m[32m200[39m [90m140 ms - 24[39m
[35m[HTTP][39m [90m[39m
[35m[HTTP][39m [37m-->[39m [37mPOST[39m [37m/wd/hub/session/2a4fd381-b474-490e-8aa3-1cb0778694df/context[39m
[35m[HTTP][39m [90m{"name":"NATIVE_APP"}[39m
[35m[HTTP][39m [37m<-- POST /wd/hub/session/2a4fd381-b474-490e-8aa3-1cb0778694df/context [39m[32m200[39m [90m2 ms - 14[39m
[35m[HTTP][39m [90m[39m
[35m[HTTP][39m [37m-->[39m [37mPOST[39m [37m/wd/hub/session/2a4fd381-b474-490e-8aa3-1cb0778694df/element[39m
[35m[HTTP][39m [90m{"using":"-android uiautomator","value":"new UiScrollable(new UiSelector().scrollable(true).instance(0)).scrollIntoView(new UiSelector().textContains(\"Get more help\"))"}[39m
[35m[HTTP][39m [37m<-- POST /wd/hub/session/2a4fd381-b474-490e-8aa3-1cb0778694df/element [39m[32m200[39m [90m3678 ms - 137[39m
[35m[HTTP][39m [90m[39m
[35m[HTTP][39m [37m-->[39m [37mPOST[39m [37m/wd/hub/session/2a4fd381-b474-490e-8aa3-1cb0778694df/context[39m
[35m[HTTP][39m [90m{"name":"NATIVE_APP"}[39m
[35m[HTTP][39m [37m<-- POST /wd/hub/session/2a4fd381-b474-490e-8aa3-1cb0778694df/context [39m[32m200[39m [90m2 ms - 14[39m
[35m[HTTP][39m [90m[39m
[35m[HTTP][39m [37m-->[39m [37mGET[39m [37m/wd/hub/session/2a4fd381-b474-490e-8aa3-1cb0778694df/source[39m
[35m[HTTP][39m [90m{}[39m
[35m[W3C (2a4fd381)][39m Driver proxy active, passing request on via HTTP proxy
[35m[WD Proxy][39m Replacing sessionId fcebd889-60cc-487d-9d4e-7a148e8ad3c7 with 2a4fd381-b474-490e-8aa3-1cb0778694df
[35m[HTTP][39m [37m<-- GET /wd/hub/session/2a4fd381-b474-490e-8aa3-1cb0778694df/source [39m[32m200[39m [90m528 ms - 27925[39m
[35m[HTTP][39m [90m[39m
[35m[HTTP][39m [37m-->[39m [37mGET[39m [37m/wd/hub/session/2a4fd381-b474-490e-8aa3-1cb0778694df/screenshot[39m
[35m[HTTP][39m [90m{}[39m
[35m[HTTP][39m [37m<-- GET /wd/hub/session/2a4fd381-b474-490e-8aa3-1cb0778694df/screenshot [39m[32m200[39m [90m609 ms - 364864[39m
[35m[HTTP][39m [90m[39m
[35m[HTTP][39m [37m-->[39m [37mPOST[39m [37m/wd/hub/session/2a4fd381-b474-490e-8aa3-1cb0778694df/elements[39m
[35m[HTTP][39m [90m{"using":"xpath","value":"//*[@class = 'android.widget.ImageButton' and (@text = '' or . = '')]"}[39m
[35m[HTTP][39m [37m<-- POST /wd/hub/session/2a4fd381-b474-490e-8aa3-1cb0778694df/elements [39m[32m200[39m [90m256 ms - 139[39m
[35m[HTTP][39m [90m[39m
[35m[HTTP][39m [37m-->[39m [37mGET[39m [37m/wd/hub/session/2a4fd381-b474-490e-8aa3-1cb0778694df/window/rect[39m
[35m[HTTP][39m [90m{}[39m
[35m[HTTP][39m [37m<-- GET /wd/hub/session/2a4fd381-b474-490e-8aa3-1cb0778694df/window/rect [39m[32m200[39m [90m14 ms - 50[39m
[35m[HTTP][39m [90m[39m
[35m[HTTP][39m [37m-->[39m [37mPOST[39m [37m/wd/hub/session/2a4fd381-b474-490e-8aa3-1cb0778694df/elements[39m
[35m[HTTP][39m [90m{"using":"xpath","value":"//*[@class = 'android.widget.ImageButton' and (@text = '' or . = '')]"}[39m
[35m[HTTP][39m [37m<-- POST /wd/hub/session/2a4fd381-b474-490e-8aa3-1cb0778694df/elements [39m[32m200[39m [90m276 ms - 139[39m
[35m[HTTP][39m [90m[39m
[35m[HTTP][39m [37m-->[39m [37mGET[39m [37m/wd/hub/session/2a4fd381-b474-490e-8aa3-1cb0778694df/element/00000000-0000-07ae-ffff-ffff000000d8/location[39m
[35m[HTTP][39m [90m{}[39m
[35m[W3C (2a4fd381)][39m Driver proxy active, passing request on via HTTP proxy
[35m[WD Proxy][39m Replacing sessionId fcebd889-60cc-487d-9d4e-7a148e8ad3c7 with 2a4fd381-b474-490e-8aa3-1cb0778694df
[35m[HTTP][39m [37m<-- GET /wd/hub/session/2a4fd381-b474-490e-8aa3-1cb0778694df/element/00000000-0000-07ae-ffff-ffff000000d8/location [39m[32m200[39m [90m24 ms - 76[39m
[35m[HTTP][39m [90m[39m
[35m[HTTP][39m [37m-->[39m [37mPOST[39m [37m/wd/hub/session/2a4fd381-b474-490e-8aa3-1cb0778694df/element/00000000-0000-07ae-ffff-ffff000000d8/click[39m
[35m[HTTP][39m [90m{"id":"00000000-0000-07ae-ffff-ffff000000d8"}[39m
[35m[HTTP][39m [37m<-- POST /wd/hub/session/2a4fd381-b474-490e-8aa3-1cb0778694df/element/00000000-0000-07ae-ffff-ffff000000d8/click [39m[32m200[39m [90m87 ms - 14[39m
[35m[HTTP][39m [90m[39m
[35m[HTTP][39m [37m-->[39m [37mGET[39m [37m/wd/hub/session/2a4fd381-b474-490e-8aa3-1cb0778694df/source[39m
[35m[HTTP][39m [90m{}[39m
[35m[W3C (2a4fd381)][39m Driver proxy active, passing request on via HTTP proxy
[35m[WD Proxy][39m Replacing sessionId fcebd889-60cc-487d-9d4e-7a148e8ad3c7 with 2a4fd381-b474-490e-8aa3-1cb0778694df
[35m[HTTP][39m [37m<-- GET /wd/hub/session/2a4fd381-b474-490e-8aa3-1cb0778694df/source [39m[32m200[39m [90m175 ms - 28341[39m
[35m[HTTP][39m [90m[39m
[35m[HTTP][39m [37m-->[39m [37mGET[39m [37m/wd/hub/session/2a4fd381-b474-490e-8aa3-1cb0778694df/screenshot[39m
[35m[HTTP][39m [90m{}[39m
[35m[HTTP][39m [37m<-- GET /wd/hub/session/2a4fd381-b474-490e-8aa3-1cb0778694df/screenshot [39m[32m200[39m [90m582 ms - 150918[39m
[35m[HTTP][39m [90m[39m
[35m[HTTP][39m [37m-->[39m [37mPOST[39m [37m/wd/hub/session/2a4fd381-b474-490e-8aa3-1cb0778694df/elements[39m
[35m[HTTP][39m [90m{"using":"xpath","value":"//*[@class = 'android.widget.TextView' and (@text = 'Help' or . = 'Help') and @resource-id = 'com.google.android.gms:id/product_name']"}[39m
[35m[HTTP][39m [37m<-- POST /wd/hub/session/2a4fd381-b474-490e-8aa3-1cb0778694df/elements [39m[32m200[39m [90m173 ms - 139[39m
[35m[HTTP][39m [90m[39m
[35m[HTTP][39m [37m-->[39m [37mGET[39m [37m/wd/hub/session/2a4fd381-b474-490e-8aa3-1cb0778694df/window/rect[39m
[35m[HTTP][39m [90m{}[39m
[35m[HTTP][39m [37m<-- GET /wd/hub/session/2a4fd381-b474-490e-8aa3-1cb0778694df/window/rect [39m[32m200[39m [90m16 ms - 50[39m
[35m[HTTP][39m [90m[39m
[35m[HTTP][39m [37m-->[39m [37mPOST[39m [37m/wd/hub/session/2a4fd381-b474-490e-8aa3-1cb0778694df/elements[39m
[35m[HTTP][39m [90m{"using":"xpath","value":"//*[@class = 'android.widget.TextView' and (@text = 'Help' or . = 'Help') and @resource-id = 'com.google.android.gms:id/product_name']"}[39m
[35m[HTTP][39m [37m<-- POST /wd/hub/session/2a4fd381-b474-490e-8aa3-1cb0778694df/elements [39m[32m200[39m [90m178 ms - 139[39m
[35m[HTTP][39m [90m[39m
[35m[HTTP][39m [37m-->[39m [37mGET[39m [37m/wd/hub/session/2a4fd381-b474-490e-8aa3-1cb0778694df/element/00000000-0000-07ae-ffff-ffff000000d6/location[39m
[35m[HTTP][39m [90m{}[39m
[35m[W3C (2a4fd381)][39m Driver proxy active, passing request on via HTTP proxy
[35m[WD Proxy][39m Replacing sessionId fcebd889-60cc-487d-9d4e-7a148e8ad3c7 with 2a4fd381-b474-490e-8aa3-1cb0778694df
[35m[HTTP][39m [37m<-- GET /wd/hub/session/2a4fd381-b474-490e-8aa3-1cb0778694df/element/00000000-0000-07ae-ffff-ffff000000d6/location [39m[32m200[39m [90m20 ms - 78[39m
[35m[HTTP][39m [90m[39m
[35m[HTTP][39m [37m-->[39m [37mGET[39m [37m/wd/hub/session/2a4fd381-b474-490e-8aa3-1cb0778694df/element/00000000-0000-07ae-ffff-ffff000000d6/text[39m
[35m[HTTP][39m [90m{}[39m
[35m[W3C (2a4fd381)][39m Driver proxy active, passing request on via HTTP proxy
[35m[WD Proxy][39m Replacing sessionId fcebd889-60cc-487d-9d4e-7a148e8ad3c7 with 2a4fd381-b474-490e-8aa3-1cb0778694df
[35m[HTTP][39m [37m<-- GET /wd/hub/session/2a4fd381-b474-490e-8aa3-1cb0778694df/element/00000000-0000-07ae-ffff-ffff000000d6/text [39m[32m200[39m [90m29 ms - 67[39m
[35m[HTTP][39m [90m[39m
[35m[HTTP][39m [37m-->[39m [37mGET[39m [37m/wd/hub/session/2a4fd381-b474-490e-8aa3-1cb0778694df/source[39m
[35m[HTTP][39m [90m{}[39m
[35m[W3C (2a4fd381)][39m Driver proxy active, passing request on via HTTP proxy
[35m[WD Proxy][39m Replacing sessionId fcebd889-60cc-487d-9d4e-7a148e8ad3c7 with 2a4fd381-b474-490e-8aa3-1cb0778694df
[35m[HTTP][39m [37m<-- GET /wd/hub/session/2a4fd381-b474-490e-8aa3-1cb0778694df/source [39m[32m200[39m [90m139 ms - 28341[39m
[35m[HTTP][39m [90m[39m
[35m[HTTP][39m [37m-->[39m [37mGET[39m [37m/wd/hub/session/2a4fd381-b474-490e-8aa3-1cb0778694df/screenshot[39m
[35m[HTTP][39m [90m{}[39m
[35m[HTTP][39m [37m<-- GET /wd/hub/session/2a4fd381-b474-490e-8aa3-1cb0778694df/screenshot [39m[32m200[39m [90m488 ms - 150918[39m
[35m[HTTP][39m [90m[39m
[35m[HTTP][39m [37m-->[39m [37mDELETE[39m [37m/wd/hub/session/2a4fd381-b474-490e-8aa3-1cb0778694df[39m
[35m[HTTP][39m [90m{}[39m
[35m[Appium][39m Removing session 2a4fd381-b474-490e-8aa3-1cb0778694df from our master session list
[35m[UiAutomator2][39m Restoring hidden api policy to the device default configuration
[35m[HTTP][39m [37m<-- DELETE /wd/hub/session/2a4fd381-b474-490e-8aa3-1cb0778694df [39m[32m200[39m [90m907 ms - 14[39m
[35m[HTTP][39m [90m[39m
